4378
0 0 8 1 
0 2 6 4 
0 4 6 6 
0 9 5 11 
0 11 6 13 
0 13 4 15 
0 15 5 17 
0 17 6 19 
0 19 8 20 
0 20 8 21 
0 21 6 23 
0 24 8 25 
0 25 8 26 
0 26 6 28 
0 28 6 30 
0 30 8 31 
0 31 8 32 
0 33 6 35 
0 36 6 38 
0 40 6 42 
0 43 6 45 
0 45 5 47 
0 47 8 48 
0 48 6 50 
0 50 6 52 
0 52 8 53 
0 55 8 56 
0 56 6 58 
0 59 8 60 
0 60 8 61 
0 62 8 63 
0 64 6 66 
0 67 6 69 
0 70 5 72 
0 75 8 76 
0 77 8 78 
0 79 6 81 
0 81 5 83 
0 83 5 85 
0 86 6 88 
0 89 5 91 
0 91 8 92 
0 94 8 95 
0 96 5 98 
0 98 6 100 
0 101 8 102 
0 102 8 103 
0 105 6 107 
0 107 8 108 
0 108 6 110 
0 110 4 112 
0 113 8 114 
0 115 6 117 
0 117 8 118 
0 119 6 121 
0 121 6 123 
0 123 8 124 
0 125 8 126 
0 126 6 128 
0 128 5 130 
0 130 8 131 
0 131 8 132 
0 132 8 133 
0 140 8 141 
0 142 5 144 
0 144 6 146 
0 146 8 147 
0 147 5 149 
0 151 6 153 
0 153 8 154 
0 154 8 155 
0 156 6 158 
0 159 8 160 
0 160 8 161 
0 161 8 162 
0 166 8 167 
0 167 8 168 
0 168 6 170 
0 170 8 171 
0 171 5 173 
0 173 6 175 
0 175 6 177 
0 177 8 178 
0 178 8 179 
0 179 6 181 
0 182 6 184 
0 184 8 185 
0 185 6 187 
0 189 8 190 
0 190 6 192 
0 192 8 193 
0 193 5 195 
0 197 8 198 
0 201 6 203 
0 205 8 206 
0 206 8 207 
0 207 8 208 
0 208 6 210 
0 212 8 213 
0 214 8 215 
0 215 8 216 
0 217 6 219 
0 220 8 221 
0 223 6 225 
0 227 6 229 
0 229 5 231 
0 231 8 232 
0 234 6 236 
0 237 6 239 
0 239 6 241 
0 242 6 244 
0 244 8 245 
0 245 5 247 
0 247 8 248 
1 6 7 8 
1 23 9 24 
1 38 7 40 
1 53 9 54 
1 66 9 67 
1 72 7 74 
1 74 9 75 
1 76 9 77 
1 100 9 101 
1 133 9 134 
1 137 7 139 
1 158 9 159 
1 163 7 165 
1 181 9 182 
1 187 9 188 
1 199 9 200 
1 203 7 205 
1 213 9 214 
1 221 9 222 
1 222 9 223 
1 225 9 226 
1 232 9 233 
1 248 7 250 
2 58 10 59 
2 61 10 62 
2 63 10 64 
2 92 8 94 
2 136 10 137 
2 165 10 166 
2 198 10 199 
3 8 11 9 
3 88 11 89 
3 134 11 135 
3 135 11 136 
3 150 11 151 
3 195 11 196 
3 196 11 197 
3 210 9 212 
3 219 11 220 
4 13 12 14 
4 14 12 15 
4 78 12 79 
4 85 12 86 
4 103 12 104 
4 200 12 201 
5 9 10 11 
5 15 13 16 
5 16 13 17 
5 42 13 43 
5 45 13 46 
5 81 13 82 
5 83 13 84 
5 96 10 98 
5 104 13 105 
5 141 11 143 
5 148 13 149 
5 155 13 156 
5 171 13 172 
5 193 13 194 
5 194 13 195 
5 245 13 246 
6 1 12 3 
6 4 12 6 
6 17 11 19 
6 21 14 22 
6 26 12 28 
6 28 14 29 
6 29 14 30 
6 32 14 33 
6 33 12 35 
6 35 14 36 
6 36 11 38 
6 43 12 45 
6 46 14 47 
6 49 14 50 
6 50 14 51 
6 51 14 52 
6 65 14 66 
6 67 12 69 
6 79 11 81 
6 86 11 88 
6 99 14 100 
6 109 14 110 
6 114 12 116 
6 116 14 117 
6 118 14 119 
6 119 12 121 
6 127 14 128 
6 128 12 130 
6 144 14 145 
6 149 14 150 
6 152 14 153 
6 156 12 158 
6 168 14 169 
6 172 14 173 
6 173 14 174 
6 175 14 176 
6 176 14 177 
6 182 11 184 
6 185 12 187 
6 201 12 203 
6 208 14 209 
6 217 14 218 
6 223 12 225 
6 227 12 229 
6 236 14 237 
6 238 11 240 
6 240 14 241 
6 242 14 243 
7 11 13 13 
7 38 13 40 
7 56 15 57 
7 71 13 73 
7 89 13 91 
7 112 15 113 
7 126 15 127 
7 138 15 139 
7 143 15 144 
7 151 15 152 
7 162 15 163 
7 190 13 192 
7 204 15 205 
7 233 13 235 
7 237 15 238 
7 248 13 250 
8 19 14 21 
8 22 16 23 
8 24 14 26 
8 47 14 49 
8 55 16 56 
8 59 16 60 
8 62 16 63 
8 64 16 65 
8 91 16 92 
8 92 16 93 
8 94 13 96 
8 101 13 103 
8 105 16 106 
8 121 16 122 
8 122 16 123 
8 123 14 125 
8 125 16 126 
8 130 16 131 
8 131 14 133 
8 139 16 140 
8 145 14 147 
8 161 16 162 
8 163 14 165 
8 169 16 170 
8 177 14 179 
8 180 16 181 
8 188 14 190 
8 192 16 193 
8 205 16 206 
8 206 12 208 
8 212 16 213 
8 214 16 215 
8 218 16 219 
8 230 14 232 
8 243 14 245 
8 246 14 248 
9 3 17 4 
9 6 15 8 
9 30 17 31 
9 31 17 32 
9 40 15 42 
9 52 17 53 
9 53 17 54 
9 54 17 55 
9 60 17 61 
9 75 15 77 
9 106 17 107 
9 107 15 109 
9 111 17 112 
9 137 17 138 
9 153 17 154 
9 166 15 168 
9 174 17 175 
9 181 17 182 
9 199 17 200 
9 209 15 211 
9 211 17 212 
9 232 17 233 
9 235 17 236 
10 9 16 11 
10 58 18 59 
10 61 18 62 
10 69 18 70 
10 73 18 74 
10 74 18 75 
10 77 18 78 
10 97 18 98 
10 165 18 166 
10 198 18 199 
10 221 15 223 
11 0 19 1 
11 66 19 67 
11 80 19 81 
11 86 17 88 
11 96 19 97 
11 98 19 99 
11 110 19 111 
11 133 16 135 
11 136 19 137 
11 141 19 142 
11 159 17 161 
11 170 19 171 
11 182 19 183 
11 195 19 196 
11 215 17 217 
11 229 19 230 
11 238 17 240 
12 1 20 2 
12 17 20 18 
12 26 20 27 
12 33 18 35 
12 43 20 44 
12 44 20 45 
12 57 20 58 
12 70 20 71 
12 88 20 89 
12 113 17 115 
12 119 20 120 
12 128 17 130 
12 154 20 155 
12 156 17 158 
12 158 20 159 
12 184 18 186 
12 186 20 187 
12 196 18 198 
12 200 17 202 
12 206 18 208 
12 223 17 225 
12 225 18 227 
13 11 21 12 
13 12 21 13 
13 13 19 15 
13 15 21 16 
13 27 21 28 
13 38 21 39 
13 42 21 43 
13 71 19 73 
13 90 21 91 
13 93 21 94 
13 94 21 95 
13 100 19 102 
13 102 21 103 
13 103 19 105 
13 148 21 149 
13 187 21 188 
13 191 21 192 
13 202 19 204 
13 219 21 220 
13 227 18 229 
13 248 21 249 
13 249 21 250 
14 2 22 3 
14 23 22 24 
14 35 20 37 
14 45 19 47 
14 47 22 48 
14 48 20 50 
14 50 20 52 
14 67 20 69 
14 81 22 82 
14 82 20 84 
14 115 22 116 
14 116 22 117 
14 124 22 125 
14 127 22 128 
14 132 22 133 
14 140 22 141 
14 149 22 150 
14 171 22 172 
14 175 20 177 
14 179 22 180 
14 189 18 191 
14 193 22 194 
14 243 22 244 
14 244 20 246 
15 5 21 7 
15 19 23 20 
15 20 23 21 
15 24 21 26 
15 28 21 30 
15 32 23 33 
15 39 21 41 
15 41 23 42 
15 107 23 108 
15 112 23 113 
15 117 20 119 
15 123 23 124 
15 135 23 136 
15 145 21 147 
15 151 23 152 
15 162 20 164 
15 172 21 174 
15 177 21 179 
15 188 23 189 
15 194 23 195 
15 204 23 205 
15 213 23 214 
15 217 23 218 
15 220 21 222 
15 222 23 223 
15 230 23 231 
15 233 21 235 
15 246 23 247 
15 247 23 248 
16 9 24 10 
16 55 24 56 
16 62 24 63 
16 63 24 64 
16 65 24 66 
16 75 21 77 
16 84 24 85 
16 89 24 90 
16 91 22 93 
16 105 24 106 
16 108 24 109 
16 109 24 110 
16 120 22 122 
16 130 22 132 
16 133 22 135 
16 143 22 145 
16 150 24 151 
16 155 24 156 
16 164 24 165 
16 167 22 169 
16 180 24 181 
16 192 24 193 
16 236 20 238 
17 3 25 4 
17 8 25 9 
17 18 25 19 
17 21 22 23 
17 37 25 38 
17 52 23 54 
17 54 25 55 
17 56 25 57 
17 59 23 61 
17 79 25 80 
17 113 25 114 
17 128 23 130 
17 137 22 139 
17 156 23 158 
17 159 25 160 
17 166 25 167 
17 169 25 170 
17 181 25 182 
17 200 25 201 
17 214 23 216 
17 216 25 217 
17 223 25 224 
17 238 23 240 
17 240 25 241 
17 241 23 243 
18 4 26 5 
18 30 26 31 
18 58 26 59 
18 61 26 62 
18 74 26 75 
18 87 26 88 
18 99 26 100 
18 106 26 107 
18 183 26 184 
18 184 24 186 
18 196 26 197 
18 199 26 200 
18 201 26 202 
18 206 26 207 
18 211 24 213 
18 218 26 219 
18 224 24 226 
18 227 22 229 
18 232 26 233 
19 10 27 11 
19 34 27 35 
19 45 25 47 
19 71 25 73 
19 77 27 78 
19 78 27 79 
19 85 27 86 
19 86 27 87 
19 95 27 96 
19 96 27 97 
19 97 25 99 
19 100 27 101 
19 101 27 102 
19 103 25 105 
19 110 27 111 
19 122 27 123 
19 141 27 142 
19 153 27 154 
19 160 27 161 
19 161 27 162 
19 182 27 183 
19 189 25 191 
19 202 27 203 
19 208 27 209 
19 209 24 211 
20 0 24 2 
20 13 28 14 
20 16 28 17 
20 26 28 27 
20 33 28 34 
20 35 26 37 
20 43 26 45 
20 50 25 52 
20 66 26 68 
20 114 28 115 
20 147 28 148 
20 162 28 163 
20 175 28 176 
20 205 28 206 
20 245 28 246 
21 5 27 7 
21 24 27 26 
21 27 27 29 
21 31 29 32 
21 38 27 40 
21 42 29 43 
21 48 27 50 
21 73 29 74 
21 75 29 76 
21 82 27 84 
21 94 29 95 
21 111 29 112 
21 118 27 120 
21 125 27 127 
21 145 29 146 
21 148 29 149 
21 158 29 159 
21 172 29 173 
21 173 27 175 
21 178 29 179 
21 186 27 188 
21 191 29 192 
21 220 29 221 
21 234 29 235 
21 235 29 236 
21 236 27 238 
22 11 30 12 
22 17 30 18 
22 23 30 24 
22 64 30 65 
22 76 30 77 
22 80 28 82 
22 90 26 92 
22 115 30 116 
22 131 28 133 
22 136 28 138 
22 139 30 140 
22 142 30 143 
22 143 28 145 
22 149 30 150 
22 167 30 168 
22 168 30 169 
22 170 27 172 
22 193 30 194 
22 229 30 230 
22 244 30 245 
22 248 30 249 
23 7 31 8 
23 14 29 16 
23 19 29 21 
23 21 29 23 
23 32 31 33 
23 41 31 42 
23 52 31 53 
23 53 31 54 
23 59 31 60 
23 60 31 61 
23 92 29 94 
23 102 31 103 
23 112 31 113 
23 120 31 121 
23 123 31 124 
23 127 28 129 
23 129 28 131 
23 151 28 153 
23 156 31 157 
23 165 31 166 
23 176 31 177 
23 177 31 178 
23 188 31 189 
23 194 29 196 
23 213 31 214 
23 214 28 216 
23 227 29 229 
23 238 31 239 
23 241 31 242 
23 242 29 244 
24 62 32 63 
24 69 29 71 
24 88 32 89 
24 108 30 110 
24 117 32 118 
24 133 32 134 
24 155 32 156 
24 157 32 158 
24 163 29 165 
24 179 30 181 
24 197 32 198 
24 210 32 211 
24 211 30 213 
24 221 30 223 
24 230 30 232 
24 233 32 234 
24 246 30 248 
25 8 31 10 
25 12 33 13 
25 18 33 19 
25 45 31 47 
25 50 31 52 
25 56 31 58 
25 71 33 72 
25 97 31 99 
25 104 33 105 
25 135 33 136 
25 154 33 155 
25 189 33 190 
25 209 33 210 
25 216 31 218 
25 219 33 220 
25 223 30 225 
25 225 31 227 
26 0 34 1 
26 1 32 3 
26 29 32 31 
26 36 34 37 
26 37 34 38 
26 43 32 45 
26 47 34 48 
26 58 34 59 
26 65 31 67 
26 84 34 85 
26 89 34 90 
26 90 32 92 
26 106 31 108 
26 138 34 139 
26 183 34 184 
26 184 34 185 
26 203 34 204 
26 218 34 219 
26 239 32 241 
27 4 31 6 
27 6 35 7 
27 24 32 26 
27 27 33 29 
27 38 35 39 
27 39 35 40 
27 40 35 41 
27 48 35 49 
27 54 33 56 
27 61 35 62 
27 68 35 69 
27 72 35 73 
27 78 35 79 
27 86 32 88 
27 95 35 96 
27 96 35 97 
27 100 35 101 
27 101 35 102 
27 103 35 104 
27 118 35 119 
27 121 35 122 
27 125 35 126 
27 150 35 151 
27 169 32 171 
27 181 35 182 
27 185 35 186 
27 186 35 187 
27 200 33 202 
27 206 33 208 
28 26 36 27 
28 33 36 34 
28 79 34 81 
28 85 36 86 
28 114 36 115 
28 116 36 117 
28 127 36 128 
28 151 34 153 
28 162 36 163 
28 173 34 175 
28 204 34 206 
28 237 36 238 
28 245 36 246 
29 10 37 11 
29 13 35 15 
29 16 37 17 
29 31 37 32 
29 34 37 35 
29 42 37 43 
29 63 37 64 
29 69 37 70 
29 73 35 75 
29 75 37 76 
29 92 37 93 
29 93 37 94 
29 94 37 95 
29 110 34 112 
29 128 37 129 
29 129 35 131 
29 134 37 135 
29 136 35 138 
29 141 37 142 
29 144 35 146 
29 146 37 147 
29 147 35 149 
29 159 37 160 
29 171 35 173 
29 178 37 179 
29 190 37 191 
29 191 35 193 
29 194 35 196 
29 220 37 221 
29 228 37 229 
30 11 38 12 
30 15 38 16 
30 19 38 20 
30 20 38 21 
30 22 35 24 
30 76 38 77 
30 82 38 83 
30 108 38 109 
30 109 38 110 
30 139 36 141 
30 142 38 143 
30 166 36 168 
30 179 38 180 
30 180 38 181 
30 187 38 188 
30 198 38 199 
30 221 38 222 
30 231 38 232 
30 235 36 237 
30 244 38 245 
30 246 38 247 
30 248 36 250 
31 8 37 10 
31 32 39 33 
31 50 37 52 
31 64 39 65 
31 65 39 66 
31 66 37 68 
31 97 39 98 
31 102 39 103 
31 119 37 121 
31 122 35 124 
31 124 39 125 
31 131 39 132 
31 160 36 162 
31 214 39 215 
31 215 39 216 
31 216 39 217 
31 224 37 226 
31 226 39 227 
31 229 37 231 
31 232 39 233 
31 241 37 243 
32 1 40 2 
32 4 38 6 
32 7 40 8 
32 25 40 26 
32 30 40 31 
32 43 40 44 
32 44 40 45 
32 49 40 50 
32 56 38 58 
32 60 40 61 
32 77 40 78 
32 83 40 84 
32 86 38 88 
32 91 40 92 
32 98 38 100 
32 106 40 107 
32 107 40 108 
32 112 38 114 
32 117 40 118 
32 143 40 144 
32 155 38 157 
32 157 38 159 
32 164 37 166 
32 168 38 170 
32 170 40 171 
32 193 40 194 
32 197 40 198 
32 210 38 212 
32 222 40 223 
32 233 38 235 
32 239 40 240 
32 247 40 248 
33 2 41 3 
33 12 41 13 
33 27 41 28 
33 28 39 30 
33 54 41 55 
33 88 41 89 
33 135 41 136 
33 154 41 155 
33 175 39 177 
33 188 39 190 
33 196 41 197 
33 200 39 202 
33 207 39 209 
33 209 41 210 
33 240 41 241 
33 243 41 244 
34 24 42 25 
34 37 42 38 
34 41 42 42 
34 47 42 48 
34 52 42 53 
34 59 42 60 
34 80 42 81 
34 89 40 91 
34 111 42 112 
34 126 42 127 
34 132 40 134 
34 149 42 150 
34 152 42 153 
34 163 42 164 
34 182 42 183 
34 202 40 204 
34 204 40 206 
34 206 42 207 
34 212 40 214 
34 217 40 219 
35 6 43 7 
35 13 43 14 
35 14 43 15 
35 17 43 18 
35 18 43 19 
35 21 40 23 
35 35 43 36 
35 38 43 39 
35 55 43 56 
35 58 43 59 
35 68 43 69 
35 71 40 73 
35 73 41 75 
35 78 41 80 
35 100 41 102 
35 122 43 123 
35 136 43 137 
35 137 40 139 
35 144 43 145 
35 148 43 149 
35 171 43 172 
35 172 43 173 
35 173 41 175 
35 181 43 182 
35 184 41 186 
35 191 40 193 
35 194 41 196 
35 219 43 220 
35 223 43 224 
36 45 42 47 
36 61 42 63 
36 84 42 86 
36 110 44 111 
36 123 44 124 
36 125 44 126 
36 129 42 131 
36 139 42 141 
36 145 44 146 
36 161 44 162 
36 166 44 167 
36 235 44 236 
36 236 44 237 
37 3 45 4 
37 8 43 10 
37 33 45 34 
37 34 45 35 
37 50 43 52 
37 63 45 64 
37 69 42 71 
37 75 45 76 
37 92 42 94 
37 95 43 97 
37 103 45 104 
37 104 45 105 
37 115 42 117 
37 119 43 121 
37 127 43 129 
37 146 43 148 
37 150 43 152 
37 186 45 187 
37 220 45 221 
37 228 45 229 
37 229 43 231 
37 237 45 238 
37 241 45 242 
37 242 45 243 
37 248 45 249 
37 249 45 250 
38 4 43 6 
38 10 44 12 
38 15 46 16 
38 19 43 21 
38 42 46 43 
38 53 46 54 
38 66 44 68 
38 86 44 88 
38 94 46 95 
38 105 46 106 
38 108 46 109 
38 112 46 113 
38 155 44 157 
38 157 46 158 
38 158 46 159 
38 159 44 161 
38 164 44 166 
38 168 46 169 
38 178 44 180 
38 210 46 211 
38 224 46 225 
38 231 46 232 
38 233 46 234 
38 238 46 239 
38 245 44 247 
39 16 47 17 
39 31 47 32 
39 32 47 33 
39 98 47 99 
39 109 47 110 
39 113 45 115 
39 124 47 125 
39 169 47 170 
39 176 47 177 
39 189 43 191 
39 198 47 199 
39 199 45 201 
39 207 47 208 
39 211 47 212 
39 214 47 215 
39 221 47 222 
39 226 47 227 
39 227 47 228 
39 234 47 235 
40 21 46 23 
40 25 48 26 
40 28 48 29 
40 39 48 40 
40 43 48 44 
40 64 48 65 
40 77 48 78 
40 81 48 82 
40 90 46 92 
40 102 48 103 
40 106 48 107 
40 107 48 108 
40 131 48 132 
40 133 48 134 
40 137 46 139 
40 142 45 144 
40 167 48 168 
40 187 48 188 
40 192 48 193 
40 201 48 202 
40 202 46 204 
40 204 45 206 
40 212 45 214 
40 222 48 223 
41 1 49 2 
41 2 49 3 
41 12 49 13 
41 26 47 28 
41 29 49 30 
41 36 49 37 
41 48 47 50 
41 54 49 55 
41 57 49 58 
41 60 49 61 
41 71 49 72 
41 72 46 74 
41 74 49 75 
41 79 49 80 
41 100 46 102 
41 117 49 118 
41 134 47 136 
41 141 49 142 
41 180 49 181 
41 183 47 185 
41 193 49 194 
41 232 49 233 
41 240 49 241 
42 23 48 25 
42 37 50 38 
42 40 50 41 
42 41 50 42 
42 47 50 48 
42 52 50 53 
42 59 50 60 
42 61 50 62 
42 62 50 63 
42 65 50 66 
42 78 50 79 
42 82 50 83 
42 83 48 85 
42 88 50 89 
42 92 50 93 
42 99 50 100 
42 115 48 117 
42 129 50 130 
42 162 50 163 
42 195 50 196 
42 206 50 207 
42 215 50 216 
42 218 50 219 
43 4 49 6 
43 6 49 8 
43 13 49 15 
43 17 49 19 
43 20 51 21 
43 38 51 39 
43 44 51 45 
43 45 51 46 
43 50 48 52 
43 58 51 59 
43 68 51 69 
43 69 49 71 
43 80 51 81 
43 96 48 98 
43 119 51 120 
43 120 51 121 
43 121 49 123 
43 126 49 128 
43 128 51 129 
43 139 51 140 
43 144 51 145 
43 146 49 148 
43 148 51 149 
43 151 49 153 
43 170 48 172 
43 172 49 174 
43 174 49 176 
43 181 51 182 
43 188 51 189 
43 189 51 190 
43 190 51 191 
43 196 51 197 
43 197 51 198 
43 208 49 210 
43 225 51 226 
43 229 49 231 
44 10 49 12 
44 66 49 68 
44 85 49 87 
44 95 52 96 
44 110 50 112 
44 149 50 151 
44 156 52 157 
44 159 50 161 
44 164 52 165 
44 177 52 178 
44 178 52 179 
44 246 50 248 
45 3 53 4 
45 8 51 10 
45 30 53 31 
45 33 51 35 
45 46 53 47 
45 75 53 76 
45 113 53 114 
45 125 53 126 
45 140 53 141 
45 163 53 164 
45 165 53 166 
45 182 53 183 
45 191 53 192 
45 204 53 205 
45 212 53 213 
45 223 53 224 
45 239 53 240 
45 241 53 242 
45 248 51 250 
46 0 54 1 
46 21 52 23 
46 35 54 36 
46 42 54 43 
46 63 54 64 
46 72 54 73 
46 90 54 91 
46 91 54 92 
46 93 52 95 
46 100 52 102 
46 103 52 105 
46 114 54 115 
46 137 54 138 
46 138 54 139 
46 142 54 143 
46 157 52 159 
46 166 54 167 
46 179 54 180 
46 200 54 201 
46 213 54 214 
46 216 54 217 
46 219 52 221 
47 15 55 16 
47 76 55 77 
47 89 55 90 
47 98 55 99 
47 108 55 109 
47 118 55 119 
47 123 53 125 
47 134 55 135 
47 135 53 137 
47 145 55 146 
47 153 53 155 
47 161 55 162 
47 183 53 185 
47 185 53 187 
47 198 55 199 
47 210 52 212 
47 226 53 228 
47 233 55 234 
47 235 55 236 
47 236 53 238 
48 23 53 25 
48 25 53 27 
48 39 56 40 
48 48 56 49 
48 73 56 74 
48 83 54 85 
48 96 56 97 
48 105 54 107 
48 109 56 110 
48 116 56 117 
48 132 53 134 
48 167 56 168 
48 169 56 170 
48 171 56 172 
48 187 56 188 
48 199 56 200 
48 201 53 203 
48 203 56 204 
48 214 56 215 
48 224 56 225 
48 242 56 243 
48 243 54 245 
49 1 57 2 
49 5 57 6 
49 6 57 7 
49 12 55 14 
49 16 55 18 
49 28 57 29 
49 36 57 37 
49 50 55 52 
49 54 55 56 
49 56 55 58 
49 67 57 68 
49 69 57 70 
49 71 57 72 
49 86 57 87 
49 87 57 88 
49 112 57 113 
49 121 55 123 
49 126 55 128 
49 168 57 169 
49 172 57 173 
49 174 53 176 
49 192 55 194 
49 207 55 209 
49 221 57 222 
49 228 55 230 
49 230 57 231 
49 231 57 232 
50 10 56 12 
50 18 56 20 
50 27 58 28 
50 29 58 30 
50 40 55 42 
50 60 58 61 
50 64 56 66 
50 79 58 80 
50 81 58 82 
50 107 58 108 
50 110 58 111 
50 111 58 112 
50 117 58 118 
50 129 55 131 
50 131 58 132 
50 151 56 153 
50 155 58 156 
50 159 56 161 
50 162 58 163 
50 176 58 177 
50 195 58 196 
50 205 55 207 
50 215 58 216 
50 217 58 218 
50 245 55 247 
51 7 56 9 
51 14 59 15 
51 32 57 34 
51 44 57 46 
51 53 59 54 
51 59 59 60 
51 77 57 79 
51 80 59 81 
51 97 59 98 
51 99 59 100 
51 128 59 129 
51 143 59 144 
51 147 57 149 
51 170 59 171 
51 180 57 182 
51 188 57 190 
51 196 56 198 
51 222 59 223 
51 225 59 226 
51 232 59 233 
51 247 57 249 
52 9 60 10 
52 20 60 21 
52 21 60 22 
52 37 58 39 
52 61 58 63 
52 92 58 94 
52 94 60 95 
52 102 58 104 
52 104 60 105 
52 115 60 116 
52 119 58 121 
52 157 60 158 
52 158 60 159 
52 219 57 221 
52 249 60 250 
53 2 58 4 
53 30 61 31 
53 46 61 47 
53 68 61 69 
53 74 59 76 
53 85 61 86 
53 95 61 96 
53 100 59 102 
53 113 61 114 
53 123 58 125 
53 125 61 126 
53 132 59 134 
53 136 61 137 
53 139 59 141 
53 149 59 151 
53 163 61 164 
53 164 61 165 
53 165 61 166 
53 173 59 175 
53 178 61 179 
53 183 59 185 
53 185 58 187 
53 194 61 195 
53 201 61 202 
53 202 61 203 
53 204 61 205 
53 211 58 213 
53 223 61 224 
53 226 59 228 
53 240 58 242 
54 24 60 26 
54 31 62 32 
54 34 62 35 
54 42 59 44 
54 72 62 73 
54 82 60 84 
54 88 62 89 
54 90 59 92 
54 105 60 107 
54 135 62 136 
54 137 62 138 
54 138 62 139 
54 141 60 143 
54 153 60 155 
54 200 62 201 
54 213 62 214 
54 234 62 235 
54 236 60 238 
54 238 60 240 
54 244 62 245 
55 12 63 13 
55 15 61 17 
55 23 63 24 
55 54 61 56 
55 56 63 57 
55 58 63 59 
55 63 63 64 
55 114 63 115 
55 121 60 123 
55 126 61 128 
55 129 61 131 
55 134 63 135 
55 145 61 147 
55 191 60 193 
55 205 63 206 
55 207 60 209 
55 233 63 234 
55 235 63 236 
55 245 61 247 
56 8 64 9 
56 10 64 11 
56 17 60 19 
56 19 64 20 
56 22 64 23 
56 39 62 41 
56 41 64 42 
56 49 61 51 
56 51 62 53 
56 64 62 66 
56 73 64 74 
56 108 61 110 
56 161 64 162 
56 177 64 178 
56 197 64 198 
56 198 64 199 
56 203 64 204 
56 206 64 207 
56 210 64 211 
56 229 64 230 
57 0 62 2 
57 5 65 6 
57 6 63 8 
57 32 65 33 
57 35 62 37 
57 44 65 45 
57 48 65 49 
57 70 63 72 
57 76 63 78 
57 86 65 87 
57 87 65 88 
57 112 65 113 
57 168 63 170 
57 180 63 182 
57 182 65 183 
57 187 63 189 
57 189 63 191 
57 196 65 197 
57 209 65 210 
57 220 63 222 
57 230 63 232 
57 242 65 243 
57 248 65 249 
58 2 66 3 
58 26 63 28 
58 28 66 29 
58 47 66 48 
58 60 66 61 
58 61 66 62 
58 66 66 67 
58 67 66 68 
58 78 66 79 
58 89 66 90 
58 93 66 94 
58 96 66 97 
58 110 63 112 
58 118 66 119 
58 119 66 120 
58 123 64 125 
58 147 66 148 
58 155 66 156 
58 175 66 176 
58 186 66 187 
58 195 66 196 
58 211 64 213 
58 214 63 216 
58 216 63 218 
58 224 66 225 
58 240 64 242 
59 3 67 4 
59 13 64 15 
59 29 67 30 
59 37 65 39 
59 42 65 44 
59 69 67 70 
59 74 67 75 
59 79 64 81 
59 81 67 82 
59 90 67 91 
59 97 64 99 
59 100 65 102 
59 102 67 103 
59 131 67 132 
59 139 65 141 
59 143 65 145 
59 148 65 150 
59 150 67 151 
59 159 67 160 
59 172 64 174 
59 184 67 185 
59 218 65 220 
59 247 67 248 
60 20 68 21 
60 75 68 76 
60 104 68 105 
60 105 66 107 
60 107 68 108 
60 116 66 118 
60 156 66 158 
60 185 68 186 
60 191 68 192 
60 225 68 226 
60 226 68 227 
60 227 68 228 
60 232 68 233 
60 237 66 239 
60 243 68 244 
61 15 69 16 
61 16 67 18 
61 18 69 19 
61 24 67 26 
61 46 69 47 
61 49 69 50 
61 53 67 55 
61 82 69 83 
61 84 66 86 
61 91 67 93 
61 94 69 95 
61 95 69 96 
61 108 69 109 
61 113 69 114 
61 120 69 121 
61 136 69 137 
61 141 67 143 
61 145 69 146 
61 152 69 153 
61 160 69 161 
61 163 67 165 
61 166 67 168 
61 178 67 180 
61 183 69 184 
61 201 67 203 
61 204 69 205 
61 222 67 224 
61 246 69 247 
62 30 68 32 
62 45 70 46 
62 50 68 52 
62 52 70 53 
62 57 70 58 
62 62 70 63 
62 126 70 127 
62 127 70 128 
62 129 68 131 
62 137 70 138 
62 153 68 155 
62 174 70 175 
62 176 70 177 
62 193 70 194 
62 199 70 200 
62 213 70 214 
62 244 70 245 
62 249 70 250 
63 0 69 2 
63 9 71 10 
63 11 69 13 
63 33 69 35 
63 55 69 57 
63 70 68 72 
63 83 71 84 
63 99 71 100 
63 110 69 112 
63 114 68 116 
63 121 71 122 
63 133 71 134 
63 134 69 136 
63 146 71 147 
63 151 71 152 
63 158 71 159 
63 168 69 170 
63 171 71 172 
63 180 71 181 
63 187 68 189 
63 189 69 191 
63 207 71 208 
63 208 71 209 
63 214 71 215 
63 215 69 217 
63 217 71 218 
63 220 69 222 
63 233 71 234 
63 234 71 235 
63 245 71 246 
64 4 72 5 
64 7 70 9 
64 22 69 24 
64 26 70 28 
64 35 72 36 
64 36 72 37 
64 58 70 60 
64 63 72 64 
64 76 72 77 
64 79 72 80 
64 80 72 81 
64 97 72 98 
64 98 72 99 
64 123 72 124 
64 124 70 126 
64 161 72 162 
64 172 70 174 
64 194 72 195 
64 203 72 204 
64 205 72 206 
64 210 72 211 
64 211 70 213 
64 230 72 231 
64 240 70 242 
65 13 71 15 
65 19 73 20 
65 37 71 39 
65 39 73 40 
65 40 71 42 
65 42 73 43 
65 64 73 65 
65 72 73 73 
65 73 73 74 
65 86 73 87 
65 101 73 102 
65 103 73 104 
65 109 73 110 
65 143 73 144 
65 144 73 145 
65 148 71 150 
65 162 73 163 
65 177 73 178 
65 181 73 182 
65 219 73 220 
65 231 73 232 
65 242 73 243 
65 248 73 249 
66 44 74 45 
66 47 72 49 
66 60 71 62 
66 67 71 69 
66 77 72 79 
66 84 72 86 
66 88 71 90 
66 93 74 94 
66 105 71 107 
66 112 74 113 
66 132 74 133 
66 147 74 148 
66 155 72 157 
66 196 72 198 
66 229 74 230 
67 16 75 17 
67 17 75 18 
67 25 75 26 
67 28 75 29 
67 69 75 70 
67 74 75 75 
67 90 72 92 
67 102 75 103 
67 118 73 120 
67 128 75 129 
67 138 73 140 
67 140 75 141 
67 142 75 143 
67 163 75 164 
67 166 73 168 
67 178 75 179 
67 195 75 196 
67 201 73 203 
67 236 72 238 
67 238 73 240 
68 2 76 3 
68 20 76 21 
68 30 74 32 
68 50 76 51 
68 66 76 67 
68 107 76 108 
68 114 76 115 
68 116 74 118 
68 122 76 123 
68 129 74 131 
68 185 74 187 
68 192 76 193 
68 224 73 226 
68 226 74 228 
68 228 76 229 
68 235 76 236 
69 0 77 1 
69 5 77 6 
69 10 75 12 
69 12 77 13 
69 15 77 16 
69 18 77 19 
69 22 75 24 
69 32 75 34 
69 54 77 55 
69 71 77 72 
69 87 77 88 
69 94 75 96 
69 134 73 136 
69 145 77 146 
69 153 75 155 
69 157 77 158 
69 168 77 169 
69 169 75 171 
69 184 77 185 
69 204 77 205 
69 206 77 207 
69 218 77 219 
69 221 74 223 
69 243 77 244 
69 246 74 248 
70 6 76 8 
70 8 78 9 
70 52 74 54 
70 57 74 59 
70 62 78 63 
70 96 78 97 
70 100 78 101 
70 110 76 112 
70 115 78 116 
70 124 75 126 
70 126 76 128 
70 137 78 138 
70 173 75 175 
70 175 75 177 
70 183 78 184 
70 187 76 189 
70 189 76 191 
70 191 78 192 
70 193 78 194 
70 198 76 200 
70 212 78 213 
70 213 78 214 
70 240 76 242 
71 9 79 10 
71 34 79 35 
71 40 79 41 
71 56 79 57 
71 60 77 62 
71 67 79 68 
71 81 77 83 
71 83 79 84 
71 88 77 90 
71 92 79 93 
71 105 77 107 
71 148 77 150 
71 150 77 152 
71 152 79 153 
71 159 77 161 
71 164 77 166 
71 172 79 173 
71 179 79 180 
71 207 77 209 
71 209 79 210 
71 232 79 233 
71 234 79 235 
71 245 79 246 
72 35 80 36 
72 37 80 38 
72 45 78 47 
72 47 78 49 
72 49 80 50 
72 68 80 69 
72 76 77 78 
72 78 80 79 
72 79 78 81 
72 84 80 85 
72 85 80 86 
72 90 78 92 
72 97 78 99 
72 113 80 114 
72 123 80 124 
72 131 80 132 
72 136 80 137 
72 161 80 162 
72 180 80 181 
72 196 78 198 
72 203 80 204 
72 210 77 212 
72 214 80 215 
72 215 78 217 
72 236 80 237 
72 237 80 238 
73 3 81 4 
73 13 79 15 
73 21 81 22 
73 41 79 43 
73 51 81 52 
73 59 81 60 
73 64 81 65 
73 86 81 87 
73 101 81 102 
73 108 79 110 
73 133 78 135 
73 156 81 157 
73 158 81 159 
73 166 79 168 
73 181 79 183 
73 201 77 203 
73 205 81 206 
73 219 79 221 
73 223 81 224 
73 224 79 226 
73 230 79 232 
73 238 79 240 
74 24 82 25 
74 36 82 37 
74 43 80 45 
74 57 79 59 
74 93 82 94 
74 104 82 105 
74 112 82 113 
74 116 80 118 
74 118 80 120 
74 130 82 131 
74 143 80 145 
74 221 80 223 
74 226 80 228 
74 233 82 234 
74 246 80 248 
74 249 82 250 
75 1 83 2 
75 4 83 5 
75 10 83 11 
75 11 83 12 
75 16 83 17 
75 22 80 24 
75 25 81 27 
75 30 83 31 
75 52 81 54 
75 69 83 70 
75 73 80 75 
75 102 83 103 
75 124 83 125 
75 140 80 142 
75 146 81 148 
75 162 81 164 
75 169 83 170 
75 170 81 172 
75 174 81 176 
75 178 83 179 
75 200 83 201 
75 217 83 218 
75 229 83 230 
76 6 82 8 
76 27 81 29 
76 32 82 34 
76 65 84 66 
76 66 84 67 
76 75 84 76 
76 94 84 95 
76 99 84 100 
76 114 84 115 
76 126 82 128 
76 138 82 140 
76 153 84 154 
76 176 84 177 
76 185 84 186 
76 186 81 188 
76 190 84 191 
76 198 82 200 
76 228 84 229 
76 235 84 236 
76 244 84 245 
77 5 85 6 
77 17 85 18 
77 18 85 19 
77 29 85 30 
77 60 83 62 
77 63 85 64 
77 71 85 72 
77 81 83 83 
77 88 85 89 
77 103 85 104 
77 105 83 107 
77 110 83 112 
77 135 85 136 
77 148 85 149 
77 149 85 150 
77 150 85 151 
77 151 85 152 
77 154 85 155 
77 157 85 158 
77 159 83 161 
77 164 83 166 
77 168 85 169 
77 177 85 178 
77 188 85 189 
77 201 83 203 
77 204 85 205 
77 207 85 208 
77 210 85 211 
77 218 85 219 
78 45 84 47 
78 79 86 80 
78 89 86 90 
78 90 84 92 
78 95 83 97 
78 132 86 133 
78 133 86 134 
78 192 86 193 
78 206 86 207 
78 211 83 213 
78 241 83 243 
79 0 87 1 
79 8 84 10 
79 13 85 15 
79 38 85 40 
79 40 85 42 
79 48 87 49 
79 54 87 55 
79 55 85 57 
79 108 87 109 
79 115 87 116 
79 128 87 129 
79 145 87 146 
79 166 87 167 
79 167 87 168 
79 172 85 174 
79 179 87 180 
79 183 87 184 
79 189 87 190 
79 193 85 195 
79 208 84 210 
79 215 87 216 
79 216 87 217 
79 219 87 220 
79 220 87 221 
79 224 85 226 
79 230 85 232 
79 234 87 235 
79 238 87 239 
80 2 88 3 
80 19 85 21 
80 22 88 23 
80 31 88 32 
80 34 85 36 
80 37 88 38 
80 42 86 44 
80 49 88 50 
80 57 86 59 
80 72 86 74 
80 77 85 79 
80 83 86 85 
80 92 88 93 
80 107 88 108 
80 122 85 124 
80 125 88 126 
80 136 88 137 
80 140 88 141 
80 180 88 181 
80 181 86 183 
80 197 88 198 
80 213 86 215 
80 222 88 223 
80 226 88 227 
80 232 88 233 
80 239 88 240 
80 246 86 248 
81 21 89 22 
81 23 89 24 
81 26 89 27 
81 28 89 29 
81 51 89 52 
81 52 87 54 
81 59 89 60 
81 85 86 87 
81 118 89 119 
81 121 89 122 
81 142 87 144 
81 144 89 145 
81 146 86 148 
81 152 89 153 
81 158 89 159 
81 174 86 176 
81 184 89 185 
81 237 89 238 
81 248 89 249 
82 24 90 25 
82 50 90 51 
82 64 90 65 
82 104 90 105 
82 126 88 128 
82 129 90 130 
82 130 90 131 
82 155 88 157 
82 162 88 164 
82 170 90 171 
82 191 90 192 
82 198 90 199 
82 199 90 200 
82 227 90 228 
82 236 90 237 
82 245 90 246 
83 3 87 5 
83 6 89 8 
83 10 88 12 
83 15 87 17 
83 33 91 34 
83 44 91 45 
83 60 91 61 
83 68 88 70 
83 81 91 82 
83 82 91 83 
83 93 91 94 
83 96 88 98 
83 98 91 99 
83 100 89 102 
83 105 88 107 
83 109 91 110 
83 110 91 111 
83 111 91 112 
83 112 89 114 
83 117 91 118 
83 119 91 120 
83 131 91 132 
83 137 88 139 
83 141 91 142 
83 159 89 161 
83 164 89 166 
83 171 91 172 
83 186 91 187 
83 200 89 202 
83 202 91 203 
83 203 91 204 
83 211 89 213 
83 229 91 230 
84 8 92 9 
84 9 92 10 
84 46 90 48 
84 62 92 63 
84 65 90 67 
84 87 92 88 
84 90 92 91 
84 91 92 92 
84 169 92 170 
84 176 92 177 
84 187 92 188 
84 208 90 210 
84 221 92 222 
84 228 92 229 
84 241 92 242 
84 242 92 243 
84 243 90 245 
85 1 93 2 
85 5 93 6 
85 13 91 15 
85 29 91 31 
85 34 93 35 
85 35 93 36 
85 36 93 37 
85 38 91 40 
85 40 93 41 
85 56 93 57 
85 67 93 68 
85 70 93 71 
85 75 93 76 
85 76 91 78 
85 78 93 79 
85 94 93 95 
85 95 93 96 
85 102 91 104 
85 122 93 123 
85 123 93 124 
85 134 91 136 
85 148 90 150 
85 154 93 155 
85 172 90 174 
85 177 91 179 
85 193 91 195 
85 204 91 206 
85 217 91 219 
85 230 93 231 
85 240 93 241 
86 19 92 21 
86 27 94 28 
86 41 91 43 
86 57 92 59 
86 72 92 74 
86 83 94 84 
86 84 94 85 
86 85 91 87 
86 88 92 90 
86 132 92 134 
86 147 94 148 
86 150 92 152 
86 157 94 158 
86 174 94 175 
86 182 94 183 
86 206 94 207 
86 213 94 214 
86 223 94 224 
86 224 92 226 
86 246 92 248 
87 0 95 1 
87 3 93 5 
87 54 95 55 
87 71 95 72 
87 80 95 81 
87 115 95 116 
87 116 95 117 
87 142 95 143 
87 143 95 144 
87 167 92 169 
87 214 93 216 
87 219 95 220 
87 233 95 234 
88 10 94 12 
88 31 96 32 
88 45 96 46 
88 52 94 54 
88 92 96 93 
88 96 96 97 
88 97 96 98 
88 107 96 108 
88 128 96 129 
88 136 94 138 
88 138 93 140 
88 161 96 162 
88 162 96 163 
88 179 94 181 
88 185 96 186 
88 188 94 190 
88 195 96 196 
88 197 96 198 
88 210 96 211 
88 226 96 227 
88 231 94 233 
89 7 97 8 
89 15 95 17 
89 18 97 19 
89 22 93 24 
89 25 95 27 
89 28 97 29 
89 51 97 52 
89 59 97 60 
89 61 97 62 
89 63 97 64 
89 68 95 70 
89 99 94 101 
89 105 95 107 
89 113 95 115 
89 118 97 119 
89 120 95 122 
89 124 97 125 
89 156 97 157 
89 163 97 164 
89 164 97 165 
89 200 97 201 
89 234 97 235 
89 248 95 250 
90 2 98 3 
90 46 98 47 
90 55 98 56 
90 64 96 66 
90 66 98 67 
90 112 98 113 
90 125 96 127 
90 129 96 131 
90 144 96 146 
90 152 96 154 
90 158 98 159 
90 170 98 171 
90 191 95 193 
90 201 98 202 
90 208 98 209 
90 212 98 213 
90 222 98 223 
90 236 98 237 
90 237 98 238 
90 238 98 239 
90 244 98 245 
90 245 98 246 
91 13 97 15 
91 32 99 33 
91 33 99 34 
91 37 96 39 
91 41 97 43 
91 48 97 50 
91 82 99 83 
91 93 99 94 
91 103 99 104 
91 104 99 105 
91 109 99 110 
91 127 99 128 
91 134 99 135 
91 140 97 142 
91 148 99 149 
91 159 97 161 
91 171 97 173 
91 181 99 182 
91 186 99 187 
91 190 99 191 
91 193 99 194 
91 194 99 195 
91 203 97 205 
91 229 99 230 
92 8 100 9 
92 12 100 13 
92 17 100 18 
92 19 98 21 
92 43 98 45 
92 47 100 48 
92 57 100 58 
92 72 98 74 
92 76 98 78 
92 85 98 87 
92 87 98 89 
92 89 100 90 
92 102 100 103 
92 131 100 132 
92 149 96 151 
92 166 97 168 
92 168 100 169 
92 175 98 177 
92 177 100 178 
92 183 98 185 
92 211 100 212 
92 217 100 218 
92 218 100 219 
92 221 100 222 
92 225 100 226 
92 227 98 229 
92 235 100 236 
92 241 97 243 
92 246 98 248 
93 1 101 2 
93 4 101 5 
93 21 98 23 
93 23 101 24 
93 29 99 31 
93 34 99 36 
93 36 101 37 
93 60 101 61 
93 74 101 75 
93 75 101 76 
93 78 101 79 
93 90 98 92 
93 94 98 96 
93 122 101 123 
93 135 101 136 
93 198 101 199 
93 214 98 216 
93 216 101 217 
94 3 102 4 
94 5 100 7 
94 9 99 11 
94 11 102 12 
94 39 102 40 
94 52 102 53 
94 62 102 63 
94 99 100 101 
94 117 102 118 
94 132 100 134 
94 137 102 138 
94 138 102 139 
94 139 102 140 
94 146 100 148 
94 169 102 170 
94 178 99 180 
94 205 102 206 
94 206 102 207 
94 207 102 208 
94 230 100 232 
94 232 102 233 
94 239 100 241 
95 15 101 17 
95 25 101 27 
95 27 103 28 
95 50 103 51 
95 53 103 54 
95 67 100 69 
95 79 101 81 
95 83 101 85 
95 105 103 106 
95 113 101 115 
95 120 100 122 
95 142 101 144 
95 154 101 156 
95 174 103 175 
95 187 103 188 
95 188 101 190 
95 196 103 197 
95 219 103 220 
96 45 104 46 
96 64 104 65 
96 65 104 66 
96 101 104 102 
96 106 104 107 
96 111 104 112 
96 115 102 117 
96 123 104 124 
96 125 104 126 
96 145 104 146 
96 149 102 151 
96 151 104 152 
96 191 104 192 
96 192 104 193 
96 197 104 198 
96 209 104 210 
96 248 102 250 
97 13 102 15 
97 56 105 57 
97 58 103 60 
97 92 105 93 
97 96 103 98 
97 107 103 109 
97 118 105 119 
97 140 105 141 
97 144 105 145 
97 156 102 158 
97 161 105 162 
97 163 102 165 
97 165 105 166 
97 166 105 167 
97 171 103 173 
97 199 105 200 
97 202 105 203 
97 233 103 235 
97 241 105 242 
97 242 103 244 
98 7 106 8 
98 18 104 20 
98 20 103 22 
98 31 106 32 
98 37 104 39 
98 41 104 43 
98 48 106 49 
98 69 104 71 
98 77 106 78 
98 86 104 88 
98 90 104 92 
98 126 106 127 
98 152 104 154 
98 158 104 160 
98 160 106 161 
98 162 106 163 
98 170 106 171 
98 183 103 185 
98 195 106 196 
98 208 106 209 
98 212 106 213 
98 213 104 215 
98 215 106 216 
98 220 106 221 
98 226 104 228 
98 228 106 229 
98 236 106 237 
98 237 104 239 
98 245 103 247 
99 9 105 11 
99 22 107 23 
99 29 107 30 
99 33 107 34 
99 34 105 36 
99 43 107 44 
99 49 107 50 
99 81 105 83 
99 93 105 95 
99 104 107 105 
99 110 107 111 
99 127 104 129 
99 129 105 131 
99 136 107 137 
99 141 107 142 
99 180 105 182 
99 185 107 186 
99 190 107 191 
99 193 107 194 
99 203 107 204 
100 2 108 3 
100 12 108 13 
100 30 108 31 
100 46 108 47 
100 66 108 67 
100 72 106 74 
100 88 105 90 
100 99 105 101 
100 119 108 120 
100 120 105 122 
100 132 106 134 
100 134 108 135 
100 146 108 147 
100 147 108 148 
100 167 106 169 
100 177 106 179 
100 200 106 202 
100 210 106 212 
100 224 108 225 
100 229 105 231 
100 231 108 232 
100 235 108 236 
100 239 106 241 
100 247 108 248 
101 0 106 2 
101 4 109 5 
101 5 107 7 
101 8 109 9 
101 23 109 24 
101 25 109 26 
101 36 109 37 
101 44 109 45 
101 51 109 52 
101 67 107 69 
101 71 109 72 
101 78 109 79 
101 84 106 86 
101 102 109 103 
101 112 107 114 
101 122 109 123 
101 135 109 136 
101 175 109 176 
101 189 109 190 
101 194 109 195 
101 216 105 218 
101 222 106 224 
101 225 109 226 
102 13 110 14 
102 14 108 16 
102 39 110 40 
102 52 110 53 
102 54 110 55 
102 57 110 58 
102 60 108 62 
102 75 108 77 
102 79 108 81 
102 103 110 104 
102 109 110 110 
102 115 110 116 
102 124 110 125 
102 138 108 140 
102 148 107 150 
102 154 110 155 
102 156 108 158 
102 182 110 183 
102 188 110 189 
102 205 110 206 
102 207 110 208 
102 248 110 249 
103 16 111 17 
103 24 111 25 
103 26 109 28 
103 32 111 33 
103 40 111 41 
103 53 111 54 
103 62 109 64 
103 83 111 84 
103 95 109 97 
103 105 111 106 
103 142 108 144 
103 163 111 164 
103 172 111 173 
103 174 111 175 
103 176 111 177 
103 186 111 187 
103 196 111 197 
103 204 111 205 
103 232 109 234 
103 234 111 235 
103 243 111 244 
103 244 109 246 
104 18 109 20 
104 28 112 29 
104 37 112 38 
104 41 112 42 
104 69 110 71 
104 86 112 87 
104 87 112 88 
104 90 109 92 
104 97 110 99 
104 111 112 112 
104 125 112 126 
104 127 112 128 
104 131 112 132 
104 137 112 138 
104 158 112 159 
104 173 112 174 
104 184 112 185 
104 191 112 192 
104 192 112 193 
104 197 110 199 
104 209 112 210 
104 213 109 215 
104 226 112 227 
104 237 109 239 
104 242 112 243 
105 3 113 4 
105 17 113 18 
105 21 113 22 
105 34 113 35 
105 35 113 36 
105 55 111 57 
105 58 113 59 
105 74 113 75 
105 81 111 83 
105 89 113 90 
105 99 110 101 
105 101 113 102 
105 106 110 108 
105 114 113 115 
105 116 111 118 
105 121 113 122 
105 128 113 129 
105 144 111 146 
105 150 111 152 
105 152 113 153 
105 161 113 162 
105 164 111 166 
105 171 113 172 
105 179 111 181 
105 217 111 219 
105 229 110 231 
105 241 113 242 
106 47 111 49 
106 50 114 51 
106 59 114 60 
106 77 114 78 
106 84 114 85 
106 92 112 94 
106 120 114 121 
106 132 114 133 
106 167 114 168 
106 168 114 169 
106 169 111 171 
106 177 114 178 
106 199 112 201 
106 201 114 202 
106 211 114 212 
106 215 114 216 
106 219 112 221 
106 221 112 223 
106 223 114 224 
106 227 112 229 
106 239 112 241 
107 0 113 2 
107 5 113 7 
107 9 113 11 
107 22 115 23 
107 31 115 32 
107 33 115 34 
107 64 115 65 
107 72 115 73 
107 112 113 114 
107 130 115 131 
107 133 115 134 
107 140 112 142 
107 153 115 154 
107 162 115 163 
107 166 115 167 
107 183 115 184 
107 193 115 194 
107 202 115 203 
107 236 115 237 
108 7 116 8 
108 14 114 16 
108 43 116 44 
108 45 116 46 
108 60 113 62 
108 65 116 66 
108 66 114 68 
108 73 116 74 
108 75 116 76 
108 94 116 95 
108 119 116 120 
108 123 116 124 
108 138 114 140 
108 146 116 147 
108 147 116 148 
108 156 116 157 
108 181 116 182 
108 195 116 196 
108 212 116 213 
108 246 114 248 
109 2 117 3 
109 18 115 20 
109 25 114 27 
109 42 117 43 
109 46 117 47 
109 63 117 64 
109 71 117 72 
109 91 117 92 
109 95 117 96 
109 96 117 97 
109 102 117 103 
109 108 117 109 
109 122 117 123 
109 134 115 136 
109 142 115 144 
109 148 115 150 
109 185 117 186 
109 203 117 204 
109 208 117 209 
109 224 114 226 
109 233 117 234 
109 244 117 245 
109 245 117 246 
110 23 118 24 
110 38 116 40 
110 44 118 45 
110 51 116 53 
110 68 115 70 
110 78 115 80 
110 97 116 99 
110 99 116 101 
110 103 116 105 
110 106 116 108 
110 110 118 111 
110 129 118 130 
110 159 116 161 
110 187 116 189 
110 189 116 191 
110 205 118 206 
110 206 118 207 
110 231 118 232 
110 248 118 249 
111 4 119 5 
111 27 119 28 
111 30 119 31 
111 32 119 33 
111 47 117 49 
111 54 117 56 
111 56 119 57 
111 80 116 82 
111 83 119 84 
111 105 119 106 
111 115 117 117 
111 118 119 119 
111 150 116 152 
111 154 117 156 
111 164 116 166 
111 169 119 170 
111 172 119 173 
111 174 119 175 
111 176 119 177 
111 178 119 179 
111 179 117 181 
111 186 119 187 
111 197 117 199 
111 210 119 211 
111 213 117 215 
111 216 119 217 
111 217 117 219 
111 229 117 231 
111 234 116 236 
111 237 119 238 
112 36 118 38 
112 82 120 83 
112 87 120 88 
112 111 120 112 
112 124 120 125 
112 126 118 128 
112 136 120 137 
112 140 120 141 
112 144 118 146 
112 157 117 159 
112 170 120 171 
112 184 120 185 
112 191 120 192 
112 207 120 208 
112 209 120 210 
112 221 118 223 
112 226 120 227 
112 239 120 240 
112 242 120 243 
112 249 120 250 
113 0 121 1 
113 3 121 4 
113 6 121 7 
113 8 121 9 
113 10 121 11 
113 20 121 21 
113 24 121 25 
113 28 119 30 
113 34 121 35 
113 35 121 36 
113 57 119 59 
113 60 118 62 
113 76 121 77 
113 85 119 87 
113 89 119 91 
113 101 121 102 
113 112 121 113 
113 113 119 115 
113 131 121 132 
113 152 121 153 
113 161 121 162 
113 171 121 172 
113 219 121 220 
113 227 119 229 
113 238 121 239 
114 11 122 12 
114 13 122 14 
114 14 120 16 
114 25 122 26 
114 26 122 27 
114 40 122 41 
114 49 122 50 
114 50 122 51 
114 120 120 122 
114 128 122 129 
114 132 122 133 
114 137 120 139 
114 167 120 169 
114 175 122 176 
114 192 122 193 
114 199 120 201 
114 201 122 202 
114 223 122 224 
114 224 120 226 
114 232 122 233 
115 9 123 10 
115 22 123 23 
115 33 123 34 
115 66 121 68 
115 68 123 69 
115 77 123 78 
115 78 120 80 
115 93 123 94 
115 117 123 118 
115 134 121 136 
115 162 123 163 
115 166 123 167 
115 173 123 174 
115 182 121 184 
115 193 121 195 
115 196 123 197 
115 211 123 212 
115 236 123 237 
116 16 122 18 
116 18 122 20 
116 21 124 22 
116 38 124 39 
116 62 124 63 
116 64 122 66 
116 69 122 71 
116 80 121 82 
116 88 124 89 
116 94 124 95 
116 99 122 101 
116 103 122 105 
116 125 124 126 
116 141 121 143 
116 148 122 150 
116 150 122 152 
116 156 124 157 
116 159 124 160 
116 160 124 161 
116 163 124 164 
116 165 124 166 
116 187 122 189 
116 189 124 190 
116 212 124 213 
116 234 122 236 
116 240 122 242 
117 1 122 3 
117 39 125 40 
117 41 122 43 
117 45 125 46 
117 51 123 53 
117 54 123 56 
117 71 123 73 
117 92 125 93 
117 95 125 96 
117 96 123 98 
117 98 125 99 
117 106 123 108 
117 109 125 110 
117 115 125 116 
117 122 123 124 
117 153 123 155 
117 179 123 181 
117 185 125 186 
117 190 125 191 
117 198 125 199 
117 214 125 215 
117 217 125 218 
117 229 123 231 
117 243 125 244 
117 246 125 247 
118 36 126 37 
118 37 126 38 
118 43 126 44 
118 44 126 45 
118 46 126 47 
118 53 126 54 
118 59 123 61 
118 74 124 76 
118 108 126 109 
118 119 126 120 
118 126 126 127 
118 127 126 128 
118 143 124 145 
118 145 126 146 
118 155 126 156 
118 157 124 159 
118 202 123 204 
118 204 126 205 
118 208 126 209 
118 213 126 214 
118 220 123 222 
118 233 126 234 
118 244 124 246 
118 247 126 248 
119 5 127 6 
119 29 127 30 
119 30 124 32 
119 47 127 48 
119 48 127 49 
119 56 127 57 
119 57 124 59 
119 83 127 84 
119 85 127 86 
119 89 125 91 
119 110 127 111 
119 118 127 119 
119 129 127 130 
119 146 127 147 
119 147 127 148 
119 176 127 177 
119 205 125 207 
119 210 127 211 
119 216 127 217 
119 218 127 219 
119 222 127 223 
119 227 127 228 
120 14 126 16 
120 84 128 85 
120 87 128 88 
120 113 126 115 
120 120 128 121 
120 124 128 125 
120 136 128 137 
120 137 128 138 
120 138 128 139 
120 139 126 141 
120 169 125 171 
120 177 128 178 
120 181 128 182 
120 199 126 201 
120 224 126 226 
120 228 128 229 
120 231 128 232 
120 239 128 240 
120 242 128 243 
120 249 128 250 
121 0 129 1 
121 3 129 4 
121 6 126 8 
121 35 129 36 
121 79 126 81 
121 81 127 83 
121 91 129 92 
121 101 129 102 
121 111 126 113 
121 133 127 135 
121 141 129 142 
121 167 129 168 
121 171 129 172 
121 182 127 184 
121 191 129 192 
121 193 129 194 
121 194 127 196 
122 2 130 3 
122 11 130 12 
122 12 128 14 
122 20 130 21 
122 27 130 28 
122 28 130 29 
122 41 130 42 
122 49 130 50 
122 50 130 51 
122 64 128 66 
122 66 128 68 
122 69 128 71 
122 76 130 77 
122 102 127 104 
122 131 130 132 
122 150 130 151 
122 161 130 162 
122 164 130 165 
122 168 130 169 
122 187 130 188 
122 201 130 202 
122 207 130 208 
122 209 130 210 
122 215 130 216 
122 223 130 224 
122 234 130 235 
122 237 130 238 
122 240 127 242 
123 4 131 5 
123 9 131 10 
123 17 128 19 
123 23 129 25 
123 40 131 41 
123 52 131 53 
123 54 128 56 
123 59 131 60 
123 60 131 61 
123 61 131 62 
123 72 128 74 
123 96 129 98 
123 100 131 101 
123 105 128 107 
123 107 131 108 
123 121 128 123 
123 130 131 131 
123 135 131 136 
123 148 131 149 
123 152 131 153 
123 153 128 155 
123 162 131 163 
123 172 129 174 
123 175 131 176 
123 196 129 198 
123 202 128 204 
123 220 131 221 
123 221 131 222 
123 226 131 227 
123 229 129 231 
123 235 131 236 
123 238 131 239 
124 16 132 17 
124 30 132 31 
124 31 130 33 
124 57 132 58 
124 63 132 64 
124 86 132 87 
124 93 130 95 
124 116 132 117 
124 157 129 159 
124 160 132 161 
124 165 132 166 
124 178 132 179 
124 179 132 180 
124 186 132 187 
124 188 129 190 
124 211 132 212 
125 1 133 2 
125 26 133 27 
125 74 131 76 
125 92 133 93 
125 95 133 96 
125 98 133 99 
125 99 133 100 
125 143 131 145 
125 159 133 160 
125 169 130 171 
125 184 130 186 
125 205 131 207 
125 217 133 218 
125 232 133 233 
125 243 129 245 
126 7 134 8 
126 14 134 15 
126 33 132 35 
126 37 132 39 
126 42 134 43 
126 45 132 47 
126 78 132 80 
126 80 134 81 
126 89 132 91 
126 108 134 109 
126 112 132 114 
126 117 134 118 
126 126 134 127 
126 132 134 133 
126 139 134 140 
126 145 134 146 
126 155 134 156 
126 156 134 157 
126 198 134 199 
126 199 134 200 
126 200 134 201 
126 213 132 215 
126 224 134 225 
126 225 134 226 
126 233 134 234 
126 245 132 247 
126 248 134 249 
127 5 135 6 
127 10 135 11 
127 21 135 22 
127 43 133 45 
127 48 135 49 
127 51 135 52 
127 56 135 57 
127 71 135 72 
127 81 133 83 
127 83 135 84 
127 103 135 104 
127 109 132 111 
127 114 133 116 
127 118 133 120 
127 127 133 129 
127 129 135 130 
127 134 135 135 
127 151 135 152 
127 180 135 181 
127 183 135 184 
127 210 135 211 
127 218 135 219 
127 219 135 220 
127 241 135 242 
128 13 136 14 
128 25 136 26 
128 29 136 30 
128 53 136 54 
128 54 134 56 
128 65 134 67 
128 68 133 70 
128 72 136 73 
128 84 136 85 
128 85 136 86 
128 104 136 105 
128 105 134 107 
128 120 134 122 
128 122 133 124 
128 136 134 138 
128 140 136 141 
128 146 134 148 
128 153 134 155 
128 176 133 178 
128 181 136 182 
128 182 136 183 
128 227 133 229 
128 239 136 240 
128 247 136 248 
129 3 137 4 
129 18 137 19 
129 22 137 23 
129 23 135 25 
129 36 137 37 
129 47 137 48 
129 96 137 97 
129 97 137 98 
129 102 137 103 
129 141 137 142 
129 142 137 143 
129 167 137 168 
129 172 135 174 
129 189 137 190 
129 191 135 193 
129 193 137 194 
129 195 134 197 
129 202 135 204 
129 236 137 237 
129 242 135 244 
130 11 138 12 
130 19 138 20 
130 27 135 29 
130 31 138 32 
130 49 136 51 
130 87 136 89 
130 93 136 95 
130 149 138 150 
130 150 138 151 
130 157 136 159 
130 161 138 162 
130 163 135 165 
130 169 138 170 
130 170 136 172 
130 184 135 186 
130 187 138 188 
130 190 138 191 
130 201 138 202 
130 207 138 208 
130 208 138 209 
130 212 138 213 
130 222 135 224 
130 234 138 235 
131 0 139 1 
131 2 139 3 
131 4 139 5 
131 35 139 36 
131 52 139 53 
131 59 139 60 
131 61 136 63 
131 70 139 71 
131 73 137 75 
131 76 139 77 
131 101 139 102 
131 124 137 126 
131 135 139 136 
131 143 137 145 
131 148 139 149 
131 168 139 169 
131 174 137 176 
131 188 139 189 
131 205 137 207 
131 215 137 217 
131 220 139 221 
131 229 139 230 
131 230 139 231 
131 238 139 239 
132 8 140 9 
132 9 140 10 
132 15 140 16 
132 16 140 17 
132 34 140 35 
132 37 140 38 
132 38 140 39 
132 39 138 41 
132 41 140 42 
132 45 138 47 
132 57 138 59 
132 63 140 64 
132 64 140 65 
132 67 140 68 
132 78 138 80 
132 89 138 91 
132 91 140 92 
132 112 138 114 
132 116 140 117 
132 165 138 167 
132 178 138 180 
132 186 140 187 
132 209 140 210 
132 211 140 212 
132 221 140 222 
132 226 140 227 
132 244 137 246 
132 246 140 247 
132 249 140 250 
133 20 141 21 
133 43 139 45 
133 60 141 61 
133 75 141 76 
133 92 141 93 
133 98 139 100 
133 114 139 116 
133 118 141 119 
133 119 141 120 
133 127 139 129 
133 130 141 131 
133 131 141 132 
133 160 141 161 
133 162 141 163 
133 197 141 198 
133 213 139 215 
133 227 141 228 
133 228 141 229 
134 7 142 8 
134 54 142 55 
134 65 142 66 
134 68 140 70 
134 95 142 96 
134 106 140 108 
134 108 142 109 
134 120 140 122 
134 122 142 123 
134 133 142 134 
134 136 140 138 
134 138 140 140 
134 146 142 147 
134 152 139 154 
134 154 142 155 
134 176 142 177 
134 194 140 196 
134 200 142 201 
134 225 142 226 
134 235 142 236 
134 240 142 241 
135 5 143 6 
135 10 143 11 
135 23 141 25 
135 48 143 49 
135 51 143 52 
135 55 141 57 
135 66 143 67 
135 71 143 72 
135 80 143 81 
135 100 143 101 
135 103 143 104 
135 117 143 118 
135 132 143 133 
135 147 143 148 
135 163 140 165 
135 172 143 173 
135 180 143 181 
135 183 143 184 
135 198 143 199 
135 199 143 200 
135 203 141 205 
135 217 141 219 
135 223 139 225 
135 231 143 232 
135 232 139 234 
135 241 141 243 
136 6 144 7 
136 13 141 15 
136 26 142 28 
136 29 142 31 
136 42 144 43 
136 49 141 51 
136 61 142 63 
136 81 141 83 
136 83 141 85 
136 87 141 89 
136 93 141 95 
136 104 141 106 
136 126 144 127 
136 140 144 141 
136 158 144 159 
136 184 142 186 
136 191 142 193 
137 17 145 18 
137 18 145 19 
137 96 142 98 
137 102 145 103 
137 123 142 125 
137 125 145 126 
137 141 145 142 
137 142 142 144 
137 144 145 145 
137 151 145 152 
137 167 145 168 
137 170 145 171 
137 173 143 175 
137 175 145 176 
137 182 145 183 
137 210 145 211 
137 219 145 220 
137 239 145 240 
137 243 143 245 
137 247 145 248 
138 21 144 23 
138 36 146 37 
138 39 144 41 
138 46 144 48 
138 57 143 59 
138 72 146 73 
138 73 144 75 
138 77 144 79 
138 85 146 86 
138 86 146 87 
138 89 144 91 
138 109 144 111 
138 111 144 113 
138 149 144 151 
138 159 146 160 
138 165 146 166 
138 177 144 179 
138 179 146 180 
138 201 146 202 
138 202 146 203 
138 207 143 209 
138 215 146 216 
138 234 146 235 
139 0 145 2 
139 2 145 4 
139 11 147 12 
139 19 147 20 
139 45 147 46 
139 59 147 60 
139 79 147 80 
139 113 147 114 
139 114 147 115 
139 127 147 128 
139 128 147 129 
139 129 147 130 
139 135 147 136 
139 152 147 153 
139 153 147 154 
139 161 147 162 
139 181 147 182 
139 189 145 191 
139 196 147 197 
139 213 147 214 
139 223 145 225 
139 229 145 231 
139 248 147 249 
140 8 146 10 
140 15 148 16 
140 16 148 17 
140 31 146 33 
140 33 146 35 
140 37 146 39 
140 41 148 42 
140 43 145 45 
140 52 148 53 
140 64 148 65 
140 67 148 68 
140 69 146 71 
140 98 146 100 
140 106 146 108 
140 115 146 117 
140 120 146 122 
140 136 146 138 
140 138 145 140 
140 187 146 189 
140 205 148 206 
140 206 148 207 
140 212 148 213 
140 214 148 215 
140 216 148 217 
140 220 148 221 
140 232 148 233 
140 233 148 234 
140 246 148 247 
140 249 148 250 
141 12 147 14 
141 23 147 25 
141 75 149 76 
141 83 149 84 
141 87 147 89 
141 92 147 94 
141 101 149 102 
141 104 149 105 
141 105 149 106 
141 134 149 135 
141 162 146 164 
141 166 149 167 
141 186 149 187 
141 193 147 195 
141 217 147 219 
141 222 149 223 
141 236 149 237 
142 14 150 15 
142 26 150 27 
142 27 147 29 
142 49 148 51 
142 53 148 55 
142 56 150 57 
142 60 148 62 
142 63 150 64 
142 65 150 66 
142 68 150 69 
142 82 150 83 
142 94 150 95 
142 95 148 97 
142 118 148 120 
142 123 148 125 
142 133 150 134 
142 145 147 147 
142 154 148 156 
142 160 150 161 
142 168 150 169 
142 171 150 172 
142 176 150 177 
142 184 150 185 
142 191 148 193 
142 221 150 222 
142 225 150 226 
142 226 147 228 
142 228 150 229 
142 237 150 238 
142 240 147 242 
143 4 151 5 
143 10 151 11 
143 29 149 31 
143 48 151 49 
143 57 149 59 
143 62 151 63 
143 66 151 67 
143 80 151 81 
143 84 151 85 
143 100 151 101 
143 103 151 104 
143 122 151 123 
143 172 149 174 
143 183 151 184 
143 199 148 201 
143 211 151 212 
143 242 148 244 
144 6 150 8 
144 20 149 22 
144 46 150 48 
144 73 148 75 
144 76 149 78 
144 108 150 110 
144 130 152 131 
144 131 150 133 
144 140 152 141 
144 147 152 148 
144 148 152 149 
144 157 149 159 
144 207 150 209 
145 1 153 2 
145 2 151 4 
145 17 151 19 
145 22 153 23 
145 25 153 26 
145 39 151 41 
145 43 153 44 
145 89 151 91 
145 111 153 112 
145 112 153 113 
145 139 153 140 
145 141 153 142 
145 143 153 144 
145 150 151 152 
145 167 153 168 
145 177 151 179 
145 182 153 183 
145 189 151 191 
145 209 150 211 
145 229 153 230 
145 230 153 231 
145 238 151 240 
146 31 154 32 
146 35 152 37 
146 37 152 39 
146 69 152 71 
146 71 152 73 
146 91 154 92 
146 97 154 98 
146 98 152 100 
146 106 154 107 
146 107 154 108 
146 136 154 137 
146 162 152 164 
146 164 152 166 
146 169 152 171 
146 174 154 175 
146 185 154 186 
146 188 154 189 
146 195 154 196 
146 201 152 203 
146 203 154 204 
146 223 152 225 
146 234 154 235 
147 8 153 10 
147 12 155 13 
147 23 155 24 
147 27 155 28 
147 28 155 29 
147 34 155 35 
147 42 155 43 
147 78 153 80 
147 86 153 88 
147 92 155 93 
147 116 152 118 
147 121 155 122 
147 127 152 129 
147 135 155 136 
147 137 153 139 
147 144 155 145 
147 145 155 146 
147 161 155 162 
147 179 153 181 
147 187 155 188 
147 193 155 194 
147 196 155 197 
147 217 153 219 
147 226 155 227 
147 227 155 228 
147 235 155 236 
147 240 153 242 
147 247 153 249 
148 11 156 12 
148 15 156 16 
148 16 156 17 
148 24 156 25 
148 33 156 34 
148 49 152 51 
148 52 154 54 
148 54 153 56 
148 59 156 60 
148 60 156 61 
148 73 156 74 
148 81 156 82 
148 85 156 86 
148 102 156 103 
148 113 154 115 
148 123 154 125 
148 142 156 143 
148 146 156 147 
148 152 156 153 
148 153 153 155 
148 191 153 193 
148 198 156 199 
148 205 154 207 
148 214 156 215 
148 215 154 217 
148 231 153 233 
148 242 153 244 
148 245 154 247 
149 0 157 1 
149 5 157 6 
149 19 157 20 
149 20 157 21 
149 44 157 45 
149 57 157 58 
149 74 155 76 
149 88 157 89 
149 95 155 97 
149 104 157 105 
149 118 157 119 
149 119 157 120 
149 125 157 126 
149 157 157 158 
149 159 157 160 
149 166 157 167 
149 172 155 174 
149 222 157 223 
150 6 158 7 
150 7 158 8 
150 13 158 14 
150 14 158 15 
150 21 158 22 
150 30 158 31 
150 45 158 46 
150 63 158 64 
150 64 158 65 
150 82 158 83 
150 83 158 84 
150 93 156 95 
150 108 158 109 
150 131 158 132 
150 132 158 133 
150 155 158 156 
150 158 158 159 
150 168 158 169 
150 175 158 176 
150 176 158 177 
150 199 156 201 
150 204 158 205 
150 207 156 209 
150 212 158 213 
150 219 156 221 
150 225 158 226 
150 228 158 229 
150 233 158 234 
151 2 159 3 
151 3 159 4 
151 17 159 18 
151 47 156 49 
151 61 156 63 
151 65 156 67 
151 76 159 77 
151 80 159 81 
151 89 157 91 
151 109 159 110 
151 133 157 135 
151 149 157 151 
151 151 159 152 
151 160 159 161 
151 177 157 179 
151 189 159 190 
151 194 159 195 
151 209 159 210 
151 210 159 211 
151 236 157 238 
151 238 159 239 
152 36 157 38 
152 39 158 41 
152 50 160 51 
152 67 160 68 
152 69 160 70 
152 70 160 71 
152 71 158 73 
152 100 158 102 
152 103 160 104 
152 110 160 111 
152 116 157 118 
152 127 160 128 
152 128 160 129 
152 129 158 131 
152 147 158 149 
152 162 160 163 
152 163 158 165 
152 165 160 166 
152 169 160 170 
152 183 158 185 
152 223 157 225 
153 1 161 2 
153 8 158 10 
153 18 161 19 
153 54 159 56 
153 68 161 69 
153 77 159 79 
153 86 159 88 
153 98 159 100 
153 105 161 106 
153 138 161 139 
153 139 159 141 
153 153 161 154 
153 156 161 157 
153 170 158 172 
153 179 159 181 
153 181 159 183 
153 201 159 203 
153 211 161 212 
153 229 161 230 
153 230 159 232 
153 240 161 241 
153 241 159 243 
153 243 159 245 
153 247 159 249 
153 249 161 250 
154 4 162 5 
154 22 162 23 
154 26 162 27 
154 29 162 30 
154 31 162 32 
154 46 162 47 
154 51 162 52 
154 52 160 54 
154 97 162 98 
154 106 160 108 
154 111 162 112 
154 113 162 114 
154 122 160 124 
154 136 162 137 
154 143 162 144 
154 185 162 186 
154 188 162 189 
154 190 159 192 
154 216 162 217 
154 246 162 247 
155 23 163 24 
155 27 163 28 
155 38 163 39 
155 42 161 44 
155 56 163 57 
155 95 160 97 
155 114 160 116 
155 120 161 122 
155 126 163 127 
155 154 163 155 
155 161 163 162 
155 173 163 174 
155 195 161 197 
155 205 163 206 
155 213 163 214 
155 234 160 236 
156 10 164 11 
156 11 162 13 
156 24 161 26 
156 33 162 35 
156 47 164 48 
156 48 161 50 
156 59 164 60 
156 60 164 61 
156 61 164 62 
156 79 164 80 
156 84 162 86 
156 92 162 94 
156 94 164 95 
156 124 164 125 
156 142 164 143 
156 145 161 147 
156 167 164 168 
156 197 164 198 
156 198 161 200 
156 203 164 204 
156 206 164 207 
156 207 162 209 
156 215 164 216 
156 218 164 219 
156 219 164 220 
156 220 162 222 
157 19 165 20 
157 35 163 37 
157 41 165 42 
157 44 165 45 
157 57 165 58 
157 62 165 63 
157 65 163 67 
157 88 165 89 
157 102 165 103 
157 116 165 117 
157 117 165 118 
157 118 163 120 
157 125 165 126 
157 133 165 134 
157 134 163 136 
157 149 162 151 
157 157 165 158 
157 177 165 178 
157 178 165 179 
157 187 165 188 
157 222 165 223 
157 226 165 227 
157 237 165 238 
158 7 164 9 
158 14 166 15 
158 20 163 22 
158 30 166 31 
158 71 164 73 
158 74 166 75 
158 81 166 82 
158 100 166 101 
158 101 166 102 
158 112 166 113 
158 130 166 131 
158 132 166 133 
158 147 164 149 
158 159 166 160 
158 166 166 167 
158 170 166 171 
158 172 166 173 
158 174 163 176 
158 224 164 226 
158 232 166 233 
158 233 166 234 
159 5 167 6 
159 16 165 18 
159 39 167 40 
159 45 167 46 
159 55 167 56 
159 58 167 59 
159 63 167 64 
159 75 167 76 
159 76 165 78 
159 80 167 81 
159 86 165 88 
159 89 167 90 
159 108 165 110 
159 139 164 141 
159 144 167 145 
159 151 165 153 
159 160 167 161 
159 179 167 180 
159 181 167 182 
159 189 167 190 
159 190 167 191 
159 192 167 193 
159 193 164 195 
159 204 167 205 
159 210 167 211 
159 214 167 215 
159 230 167 231 
159 236 167 237 
159 238 164 240 
159 241 167 242 
159 242 165 244 
159 244 167 245 
159 247 164 249 
160 2 168 3 
160 9 168 10 
160 15 168 16 
160 50 168 51 
160 53 168 54 
160 69 166 71 
160 95 168 96 
160 96 168 97 
160 98 166 100 
160 107 168 108 
160 114 168 115 
160 122 166 124 
160 162 168 163 
160 163 166 165 
160 165 168 166 
160 168 168 169 
160 169 168 170 
160 182 168 183 
160 183 166 185 
160 217 168 218 
161 0 166 2 
161 24 167 26 
161 52 169 53 
161 54 169 55 
161 67 167 69 
161 91 169 92 
161 105 166 107 
161 120 167 122 
161 127 167 129 
161 145 169 146 
161 146 169 147 
161 191 169 192 
161 195 169 196 
161 211 166 213 
161 228 167 230 
161 231 169 232 
161 234 167 236 
162 12 170 13 
162 13 170 14 
162 22 170 23 
162 28 167 30 
162 31 168 33 
162 73 170 74 
162 85 170 86 
162 104 170 105 
162 131 170 132 
162 143 170 144 
162 149 168 151 
162 155 170 156 
162 176 170 177 
162 185 170 186 
162 198 168 200 
162 202 170 203 
162 207 170 208 
162 208 167 210 
162 220 170 221 
162 223 170 224 
162 246 170 247 
163 26 171 27 
163 27 171 28 
163 36 171 37 
163 37 168 39 
163 48 169 50 
163 51 171 52 
163 65 169 67 
163 82 171 83 
163 83 169 85 
163 110 171 111 
163 113 171 114 
163 118 169 120 
163 126 171 127 
163 135 171 136 
163 153 168 155 
163 158 171 159 
163 173 169 175 
163 186 171 187 
163 213 171 214 
163 227 171 228 
164 3 172 4 
164 7 170 9 
164 10 168 12 
164 34 170 36 
164 42 172 43 
164 47 172 48 
164 61 172 62 
164 78 170 80 
164 139 172 140 
164 142 172 143 
164 167 172 168 
164 203 172 204 
164 215 170 217 
164 218 170 220 
164 221 172 222 
164 224 172 225 
164 238 172 239 
164 239 172 240 
164 247 172 248 
165 16 171 18 
165 18 173 19 
165 19 171 21 
165 40 171 42 
165 56 173 57 
165 71 171 73 
165 76 171 78 
165 86 170 88 
165 93 171 95 
165 97 173 98 
165 115 173 116 
165 116 170 118 
165 137 171 139 
165 147 173 148 
165 148 173 149 
165 151 173 152 
165 156 173 157 
165 171 173 172 
165 175 173 176 
165 177 171 179 
165 187 173 188 
165 193 173 194 
165 200 173 201 
165 205 171 207 
165 242 173 243 
165 243 173 244 
165 248 171 250 
166 4 174 5 
166 30 174 31 
166 43 172 45 
166 59 172 61 
166 62 174 63 
166 88 174 89 
166 92 174 93 
166 98 172 100 
166 100 172 102 
166 102 174 103 
166 108 174 109 
166 111 172 113 
166 122 171 124 
166 129 172 131 
166 132 174 133 
166 157 174 158 
166 161 174 162 
166 163 172 165 
166 183 174 184 
166 197 174 198 
166 222 174 223 
166 240 174 241 
167 0 175 1 
167 5 172 7 
167 21 175 22 
167 23 172 25 
167 28 175 29 
167 45 172 47 
167 55 175 56 
167 57 173 59 
167 67 172 69 
167 74 173 76 
167 80 175 81 
167 89 175 90 
167 125 175 126 
167 127 175 128 
167 128 175 129 
167 141 175 142 
167 159 172 161 
167 179 173 181 
167 184 175 185 
167 190 175 191 
167 208 172 210 
167 211 173 213 
167 214 175 215 
167 228 175 229 
167 229 175 230 
167 232 175 233 
167 233 173 235 
167 235 175 236 
167 236 175 237 
167 237 175 238 
167 244 173 246 
168 29 176 30 
168 31 174 33 
168 37 176 38 
168 38 176 39 
168 69 174 71 
168 81 176 82 
168 95 174 97 
168 103 176 104 
168 105 176 106 
168 106 176 107 
168 114 176 115 
168 134 176 135 
168 149 174 151 
168 153 176 154 
168 162 176 163 
168 165 174 167 
168 182 176 183 
168 188 174 190 
168 198 174 200 
168 204 176 205 
168 225 176 226 
168 230 176 231 
168 241 176 242 
169 1 175 3 
169 10 174 12 
169 52 175 54 
169 65 174 67 
169 83 174 85 
169 90 175 92 
169 118 177 119 
169 136 177 137 
169 172 173 174 
169 191 175 193 
169 226 177 227 
170 7 178 8 
170 8 178 9 
170 12 178 13 
170 13 178 14 
170 15 178 16 
170 34 176 36 
170 48 176 50 
170 54 178 55 
170 63 176 65 
170 73 178 74 
170 85 175 87 
170 119 175 121 
170 143 176 145 
170 145 176 147 
170 152 178 153 
170 154 175 156 
170 194 176 196 
170 201 178 202 
170 202 178 203 
170 215 178 216 
170 216 178 217 
170 217 178 218 
170 218 176 220 
170 223 178 224 
170 231 178 232 
171 16 176 18 
171 25 179 26 
171 39 179 40 
171 40 179 41 
171 50 177 52 
171 72 179 73 
171 76 177 78 
171 93 179 94 
171 116 177 118 
171 122 176 124 
171 131 179 132 
171 135 179 136 
171 138 179 139 
171 168 179 169 
171 176 176 178 
171 185 177 187 
171 196 179 197 
171 205 179 206 
171 206 179 207 
171 248 179 249 
171 249 179 250 
172 5 177 7 
172 22 177 24 
172 24 180 25 
172 27 180 28 
172 42 180 43 
172 43 178 45 
172 45 178 47 
172 59 180 60 
172 60 180 61 
172 61 180 62 
172 68 180 69 
172 82 180 83 
172 98 178 100 
172 101 180 102 
172 110 177 112 
172 126 180 127 
172 129 178 131 
172 139 180 140 
172 159 177 161 
172 167 180 168 
172 181 180 182 
172 207 178 209 
172 209 178 211 
172 220 180 221 
172 238 180 239 
172 246 178 248 
173 56 179 58 
173 58 181 59 
173 74 181 75 
173 97 181 98 
173 100 181 101 
173 104 181 105 
173 112 178 114 
173 115 181 116 
173 133 181 134 
173 147 181 148 
173 164 181 165 
173 171 181 172 
173 174 179 176 
173 179 181 180 
173 193 181 194 
173 200 181 201 
173 211 181 212 
173 234 181 235 
173 244 179 246 
174 3 180 5 
174 9 182 10 
174 10 180 12 
174 18 180 20 
174 30 182 31 
174 32 182 33 
174 65 179 67 
174 69 182 70 
174 75 182 76 
174 78 180 80 
174 83 182 84 
174 95 182 96 
174 108 180 110 
174 150 182 151 
174 163 182 164 
174 165 180 167 
174 173 182 174 
174 180 182 181 
174 183 182 184 
174 187 180 189 
174 189 182 190 
174 197 179 199 
174 221 180 223 
174 224 182 225 
174 239 180 241 
175 0 181 2 
175 20 183 21 
175 21 183 22 
175 31 183 32 
175 55 183 56 
175 70 181 72 
175 84 180 86 
175 89 183 90 
175 90 183 91 
175 91 181 93 
175 96 183 97 
175 119 181 121 
175 125 183 126 
175 127 183 128 
175 128 183 129 
175 149 183 150 
175 151 183 152 
175 154 181 156 
175 156 183 157 
175 157 181 159 
175 190 181 192 
175 212 183 213 
175 213 181 215 
175 227 181 229 
175 235 183 236 
175 236 181 238 
176 2 184 3 
176 16 184 17 
176 26 184 27 
176 28 182 30 
176 33 182 35 
176 36 181 38 
176 47 184 48 
176 62 184 63 
176 80 184 81 
176 81 184 82 
176 106 182 108 
176 114 184 115 
176 121 182 123 
176 123 181 125 
176 134 184 135 
176 142 184 143 
176 145 184 146 
176 148 184 149 
176 162 184 163 
176 176 184 177 
176 177 182 179 
176 199 184 200 
176 219 184 220 
176 229 182 231 
176 241 180 243 
176 243 184 244 
177 5 183 7 
177 38 185 39 
177 50 183 52 
177 63 183 65 
177 116 185 117 
177 117 185 118 
177 118 185 119 
177 140 183 142 
177 160 185 161 
177 186 185 187 
177 192 185 193 
177 194 185 195 
177 225 183 227 
177 232 185 233 
178 8 186 9 
178 14 184 16 
178 43 186 44 
178 52 184 54 
178 54 186 55 
178 73 186 74 
178 76 184 78 
178 86 186 87 
178 98 186 99 
178 110 186 111 
178 113 186 114 
178 129 184 131 
178 136 184 138 
178 143 186 144 
178 146 186 147 
178 184 184 186 
178 195 186 196 
178 203 183 205 
178 207 184 209 
178 209 186 210 
178 216 184 218 
178 223 186 224 
178 246 184 248 
179 7 187 8 
179 12 185 14 
179 23 187 24 
179 39 187 40 
179 40 187 41 
179 45 185 47 
179 48 185 50 
179 56 187 57 
179 57 187 58 
179 65 184 67 
179 87 183 89 
179 102 185 104 
179 105 187 106 
179 152 187 153 
179 168 187 169 
179 169 187 170 
179 196 187 197 
179 197 185 199 
179 201 187 202 
179 206 187 207 
179 210 187 211 
179 231 187 232 
180 10 188 11 
180 17 186 19 
180 27 188 28 
180 41 188 42 
180 42 188 43 
180 60 185 62 
180 67 186 69 
180 82 188 83 
180 84 184 86 
180 94 188 95 
180 101 188 102 
180 108 188 109 
180 111 186 113 
180 131 186 133 
180 139 188 140 
180 159 188 160 
180 165 186 167 
180 188 188 189 
180 202 188 203 
180 205 188 206 
180 221 186 223 
180 233 188 234 
180 238 188 239 
180 240 188 241 
180 241 185 243 
180 244 186 246 
180 248 188 249 
181 0 186 2 
181 3 187 5 
181 35 187 37 
181 70 187 72 
181 79 189 80 
181 91 189 92 
181 92 186 94 
181 97 189 98 
181 99 189 100 
181 115 189 116 
181 119 189 120 
181 120 189 121 
181 123 189 124 
181 124 189 125 
181 147 189 148 
181 157 189 158 
181 164 189 165 
181 167 189 168 
181 170 186 172 
181 179 189 180 
181 181 187 183 
181 190 189 191 
181 200 189 201 
181 213 187 215 
181 227 186 229 
181 237 189 238 
181 249 189 250 
182 28 187 30 
182 30 190 31 
182 32 187 34 
182 34 190 35 
182 37 190 38 
182 58 188 60 
182 74 190 75 
182 109 190 110 
182 121 190 122 
182 126 190 127 
182 150 190 151 
182 153 190 154 
182 154 188 156 
182 163 190 164 
182 172 188 174 
182 180 190 181 
182 224 190 225 
182 239 190 240 
183 5 191 6 
183 6 191 7 
183 19 189 21 
183 63 191 64 
183 75 191 76 
183 78 191 79 
183 106 189 108 
183 127 188 129 
183 135 191 136 
183 140 188 142 
183 151 191 152 
183 156 191 157 
183 174 191 175 
183 177 191 178 
183 189 191 190 
183 193 191 194 
183 203 191 204 
183 211 191 212 
183 234 189 236 
184 14 192 15 
184 21 190 23 
184 52 188 54 
184 76 189 78 
184 83 190 85 
184 89 190 91 
184 129 192 130 
184 137 190 139 
184 144 189 146 
184 161 190 163 
184 184 192 185 
184 204 192 205 
184 215 192 216 
184 216 192 217 
184 229 190 231 
184 246 190 248 
185 9 193 10 
185 11 191 13 
185 13 193 14 
185 15 191 17 
185 44 191 46 
185 46 191 48 
185 48 193 49 
185 49 193 50 
185 50 193 51 
185 64 193 65 
185 69 193 70 
185 102 193 103 
185 103 191 105 
185 116 193 117 
185 117 193 118 
185 133 190 135 
185 185 191 187 
185 197 193 198 
185 198 191 200 
185 207 193 208 
185 208 193 209 
185 218 190 220 
186 17 192 19 
186 62 194 63 
186 66 194 67 
186 67 192 69 
186 72 192 74 
186 85 194 86 
186 93 194 94 
186 111 191 113 
186 113 194 114 
186 122 194 123 
186 125 194 126 
186 131 194 132 
186 142 194 143 
186 143 194 144 
186 148 192 150 
186 170 194 171 
186 175 192 177 
186 191 192 193 
186 195 194 196 
186 212 194 213 
186 217 194 218 
186 222 191 224 
186 226 191 228 
186 241 194 242 
186 242 192 244 
187 7 193 9 
187 23 192 25 
187 25 195 26 
187 28 193 30 
187 33 195 34 
187 35 195 36 
187 39 195 40 
187 51 195 52 
187 54 193 56 
187 60 195 61 
187 70 192 72 
187 88 195 89 
187 130 195 131 
187 132 195 133 
187 152 195 153 
187 158 195 159 
187 165 193 167 
187 168 192 170 
187 181 195 182 
187 206 195 207 
187 210 195 211 
187 213 193 215 
187 220 192 222 
187 231 195 232 
187 236 195 237 
187 244 193 246 
188 0 194 2 
188 26 193 28 
188 31 193 33 
188 41 193 43 
188 52 196 53 
188 53 196 54 
188 57 194 59 
188 80 194 82 
188 82 196 83 
188 86 196 87 
188 96 196 97 
188 100 194 102 
188 139 196 140 
188 140 196 141 
188 154 196 155 
188 182 196 183 
188 187 194 189 
188 196 196 197 
188 201 193 203 
188 209 196 210 
188 248 196 249 
189 19 195 21 
189 40 197 41 
189 59 197 60 
189 76 197 77 
189 91 195 93 
189 94 195 96 
189 97 197 98 
189 98 195 100 
189 105 194 107 
189 114 195 116 
189 119 197 120 
189 127 195 129 
189 146 197 147 
189 159 197 160 
189 164 197 165 
189 172 197 173 
189 179 197 180 
189 183 197 184 
189 200 197 201 
189 205 197 206 
189 225 197 226 
189 233 197 234 
189 234 197 235 
189 235 197 236 
190 21 196 23 
190 30 198 31 
190 34 198 35 
190 37 198 38 
190 56 198 57 
190 89 195 91 
190 108 195 110 
190 118 198 119 
190 120 196 122 
190 123 198 124 
190 136 195 138 
190 147 198 148 
190 160 196 162 
190 162 196 164 
190 171 198 172 
190 224 198 225 
190 228 195 230 
190 232 198 233 
190 239 198 240 
190 246 198 247 
190 247 198 248 
191 3 196 5 
191 5 197 7 
191 10 199 11 
191 11 197 13 
191 46 199 47 
191 47 199 48 
191 61 199 62 
191 63 199 64 
191 78 199 79 
191 87 199 88 
191 103 197 105 
191 111 197 113 
191 133 199 134 
191 138 199 139 
191 144 197 146 
191 155 196 157 
191 173 197 175 
191 177 199 178 
191 178 199 179 
191 185 199 186 
191 186 199 187 
191 189 197 191 
191 198 199 199 
191 218 197 220 
191 222 196 224 
191 226 199 227 
192 16 198 18 
192 23 198 25 
192 43 200 44 
192 67 200 68 
192 70 200 71 
192 71 198 73 
192 73 200 74 
192 74 198 76 
192 79 200 80 
192 148 200 149 
192 151 200 152 
192 167 197 169 
192 180 200 181 
192 192 198 194 
192 203 198 205 
192 216 200 217 
192 230 200 231 
192 237 200 238 
192 240 200 241 
192 242 198 244 
193 7 198 9 
193 14 199 16 
193 27 199 29 
193 48 199 50 
193 68 199 70 
193 134 199 136 
193 165 198 167 
193 175 199 177 
193 213 198 215 
194 106 199 108 
